[     591ms] [INFO] %cDownload the React DevTools for a better development experience: https://reactjs.org/link/react-devtools font-weight:bold @ http://localhost:5173/node_modules/.vite/deps/chunk-UVXKGGW7.js?v=154496c9:21608
[     630ms] ReferenceError: Buffer is not defined
    at exports2.toBuffer (http://localhost:5173/node_modules/.vite/deps/gray-matter.js?v=fe9fa370:3183:42)
    at module2.exports (http://localhost:5173/node_modules/.vite/deps/gray-matter.js?v=fe9fa370:3352:40)
    at matter (http://localhost:5173/node_modules/.vite/deps/gray-matter.js?v=fe9fa370:3402:18)
    at http://localhost:5173/src/utils/posts.js:16:33
    at Array.map (<anonymous>)
    at loadPosts (http://localhost:5173/src/utils/posts.js:15:6)
    at getAllPosts (http://localhost:5173/src/utils/posts.js:33:10)
    at http://localhost:5173/src/hooks/usePosts.js:5:31
    at mountMemo (http://localhost:5173/node_modules/.vite/deps/chunk-UVXKGGW7.js?v=154496c9:12242:27)
    at Object.useMemo (http://localhost:5173/node_modules/.vite/deps/chunk-UVXKGGW7.js?v=154496c9:12566:24)
[     631ms] ReferenceError: Buffer is not defined
    at exports2.toBuffer (http://localhost:5173/node_modules/.vite/deps/gray-matter.js?v=fe9fa370:3183:42)
    at module2.exports (http://localhost:5173/node_modules/.vite/deps/gray-matter.js?v=fe9fa370:3352:40)
    at matter (http://localhost:5173/node_modules/.vite/deps/gray-matter.js?v=fe9fa370:3402:18)
    at http://localhost:5173/src/utils/posts.js:16:33
    at Array.map (<anonymous>)
    at loadPosts (http://localhost:5173/src/utils/posts.js:15:6)
    at getAllPosts (http://localhost:5173/src/utils/posts.js:33:10)
    at http://localhost:5173/src/hooks/usePosts.js:5:31
    at mountMemo (http://localhost:5173/node_modules/.vite/deps/chunk-UVXKGGW7.js?v=154496c9:12242:27)
    at Object.useMemo (http://localhost:5173/node_modules/.vite/deps/chunk-UVXKGGW7.js?v=154496c9:12566:24)
[     630ms] [ERROR] The above error occurred in the <HomePage> component:

    at HomePage (http://localhost:5173/src/pages/HomePage.jsx:24:30)
    at RenderedRoute (http://localhost:5173/node_modules/.vite/deps/react-router-dom.js?v=953aa027:4131:5)
    at Routes (http://localhost:5173/node_modules/.vite/deps/react-router-dom.js?v=953aa027:4601:5)
    at main
    at App
    at Router (http://localhost:5173/node_modules/.vite/deps/react-router-dom.js?v=953aa027:4544:15)
    at BrowserRouter (http://localhost:5173/node_modules/.vite/deps/react-router-dom.js?v=953aa027:5290:5)
    at ThemeProvider (http://localhost:5173/src/context/ThemeContext.jsx:20:33)

Consider adding an error boundary to your tree to customize error handling behavior.
Visit https://reactjs.org/link/error-boundaries to learn more about error boundaries. @ http://localhost:5173/node_modules/.vite/deps/chunk-UVXKGGW7.js?v=154496c9:14079
[     631ms] ReferenceError: Buffer is not defined
    at exports2.toBuffer (http://localhost:5173/node_modules/.vite/deps/gray-matter.js?v=fe9fa370:3183:42)
    at module2.exports (http://localhost:5173/node_modules/.vite/deps/gray-matter.js?v=fe9fa370:3352:40)
    at matter (http://localhost:5173/node_modules/.vite/deps/gray-matter.js?v=fe9fa370:3402:18)
    at http://localhost:5173/src/utils/posts.js:16:33
    at Array.map (<anonymous>)
    at loadPosts (http://localhost:5173/src/utils/posts.js:15:6)
    at getAllPosts (http://localhost:5173/src/utils/posts.js:33:10)
    at http://localhost:5173/src/hooks/usePosts.js:5:31
    at mountMemo (http://localhost:5173/node_modules/.vite/deps/chunk-UVXKGGW7.js?v=154496c9:12242:27)
    at Object.useMemo (http://localhost:5173/node_modules/.vite/deps/chunk-UVXKGGW7.js?v=154496c9:12566:24)
[   38128ms] [INFO] %cDownload the React DevTools for a better development experience: https://reactjs.org/link/react-devtools font-weight:bold @ http://localhost:5173/node_modules/.vite/deps/chunk-UVXKGGW7.js?v=154496c9:21608
[   38140ms] ReferenceError: Buffer is not defined
    at exports2.toBuffer (http://localhost:5173/node_modules/.vite/deps/gray-matter.js?v=fe9fa370:3183:42)
    at module2.exports (http://localhost:5173/node_modules/.vite/deps/gray-matter.js?v=fe9fa370:3352:40)
    at matter (http://localhost:5173/node_modules/.vite/deps/gray-matter.js?v=fe9fa370:3402:18)
    at http://localhost:5173/src/utils/posts.js:16:33
    at Array.map (<anonymous>)
    at loadPosts (http://localhost:5173/src/utils/posts.js:15:6)
    at getAllPosts (http://localhost:5173/src/utils/posts.js:33:10)
    at http://localhost:5173/src/hooks/usePosts.js:5:31
    at mountMemo (http://localhost:5173/node_modules/.vite/deps/chunk-UVXKGGW7.js?v=154496c9:12242:27)
    at Object.useMemo (http://localhost:5173/node_modules/.vite/deps/chunk-UVXKGGW7.js?v=154496c9:12566:24)
[   38140ms] ReferenceError: Buffer is not defined
    at exports2.toBuffer (http://localhost:5173/node_modules/.vite/deps/gray-matter.js?v=fe9fa370:3183:42)
    at module2.exports (http://localhost:5173/node_modules/.vite/deps/gray-matter.js?v=fe9fa370:3352:40)
    at matter (http://localhost:5173/node_modules/.vite/deps/gray-matter.js?v=fe9fa370:3402:18)
    at http://localhost:5173/src/utils/posts.js:16:33
    at Array.map (<anonymous>)
    at loadPosts (http://localhost:5173/src/utils/posts.js:15:6)
    at getAllPosts (http://localhost:5173/src/utils/posts.js:33:10)
    at http://localhost:5173/src/hooks/usePosts.js:5:31
    at mountMemo (http://localhost:5173/node_modules/.vite/deps/chunk-UVXKGGW7.js?v=154496c9:12242:27)
    at Object.useMemo (http://localhost:5173/node_modules/.vite/deps/chunk-UVXKGGW7.js?v=154496c9:12566:24)
[   38141ms] [ERROR] The above error occurred in the <HomePage> component:

    at HomePage (http://localhost:5173/src/pages/HomePage.jsx:24:30)
    at RenderedRoute (http://localhost:5173/node_modules/.vite/deps/react-router-dom.js?v=953aa027:4131:5)
    at Routes (http://localhost:5173/node_modules/.vite/deps/react-router-dom.js?v=953aa027:4601:5)
    at main
    at App
    at Router (http://localhost:5173/node_modules/.vite/deps/react-router-dom.js?v=953aa027:4544:15)
    at BrowserRouter (http://localhost:5173/node_modules/.vite/deps/react-router-dom.js?v=953aa027:5290:5)
    at ThemeProvider (http://localhost:5173/src/context/ThemeContext.jsx:20:33)

Consider adding an error boundary to your tree to customize error handling behavior.
Visit https://reactjs.org/link/error-boundaries to learn more about error boundaries. @ http://localhost:5173/node_modules/.vite/deps/chunk-UVXKGGW7.js?v=154496c9:14079
[   38142ms] ReferenceError: Buffer is not defined
    at exports2.toBuffer (http://localhost:5173/node_modules/.vite/deps/gray-matter.js?v=fe9fa370:3183:42)
    at module2.exports (http://localhost:5173/node_modules/.vite/deps/gray-matter.js?v=fe9fa370:3352:40)
    at matter (http://localhost:5173/node_modules/.vite/deps/gray-matter.js?v=fe9fa370:3402:18)
    at http://localhost:5173/src/utils/posts.js:16:33
    at Array.map (<anonymous>)
    at loadPosts (http://localhost:5173/src/utils/posts.js:15:6)
    at getAllPosts (http://localhost:5173/src/utils/posts.js:33:10)
    at http://localhost:5173/src/hooks/usePosts.js:5:31
    at mountMemo (http://localhost:5173/node_modules/.vite/deps/chunk-UVXKGGW7.js?v=154496c9:12242:27)
    at Object.useMemo (http://localhost:5173/node_modules/.vite/deps/chunk-UVXKGGW7.js?v=154496c9:12566:24)
